ARM GAS  C:\Users\stryk\AppData\Local\Temp\ccEcwZF4.s 			page 1


   1              		.cpu cortex-m4
   2              		.arch armv7e-m
   3              		.fpu fpv4-sp-d16
   4              		.eabi_attribute 27, 1
   5              		.eabi_attribute 28, 1
   6              		.eabi_attribute 20, 1
   7              		.eabi_attribute 21, 1
   8              		.eabi_attribute 23, 3
   9              		.eabi_attribute 24, 1
  10              		.eabi_attribute 25, 1
  11              		.eabi_attribute 26, 1
  12              		.eabi_attribute 30, 6
  13              		.eabi_attribute 34, 1
  14              		.eabi_attribute 18, 4
  15              		.file	"main.c"
  16              		.text
  17              	.Ltext0:
  18              		.cfi_sections	.debug_frame
  19              		.global	counter
  20              		.section	.bss.counter,"aw",%nobits
  23              	counter:
  24 0000 00       		.space	1
  25              		.global	last_button_press
  26              		.section	.bss.last_button_press,"aw",%nobits
  27              		.align	2
  30              	last_button_press:
  31 0000 00000000 		.space	4
  32              		.global	debounce_delay
  33              		.section	.rodata.debounce_delay,"a"
  34              		.align	2
  37              	debounce_delay:
  38 0000 C8000000 		.word	200
  39              		.global	led_blink_delay
  40              		.section	.rodata.led_blink_delay,"a"
  41              		.align	2
  44              	led_blink_delay:
  45 0000 95010000 		.word	405
  46              		.global	last_led_blink
  47              		.section	.bss.last_led_blink,"aw",%nobits
  48              		.align	2
  51              	last_led_blink:
  52 0000 00000000 		.space	4
  53              		.section	.text.main,"ax",%progbits
  54              		.align	1
  55              		.global	main
  56              		.syntax unified
  57              		.thumb
  58              		.thumb_func
  60              	main:
  61              	.LFB130:
  62              		.file 1 "Core/Src/main.c"
   1:Core/Src/main.c **** #include "stm32f4xx_hal.h"
   2:Core/Src/main.c **** #include "main.h"
   3:Core/Src/main.c **** #include "button.h"
   4:Core/Src/main.c **** uint8_t counter = 0;
   5:Core/Src/main.c **** 
   6:Core/Src/main.c **** uint32_t last_button_press = 0;
ARM GAS  C:\Users\stryk\AppData\Local\Temp\ccEcwZF4.s 			page 2


   7:Core/Src/main.c **** const uint32_t debounce_delay = 200;
   8:Core/Src/main.c **** const uint32_t led_blink_delay = 405;
   9:Core/Src/main.c **** //Button button;
  10:Core/Src/main.c **** uint32_t last_led_blink;
  11:Core/Src/main.c **** void SystemClock_Config(void);
  12:Core/Src/main.c **** static void MX_GPIO_Init(void);
  13:Core/Src/main.c **** void update_leds(uint8_t value);
  14:Core/Src/main.c **** 
  15:Core/Src/main.c **** int main(void) {
  63              		.loc 1 15 16
  64              		.cfi_startproc
  65              		@ args = 0, pretend = 0, frame = 8
  66              		@ frame_needed = 1, uses_anonymous_args = 0
  67 0000 80B5     		push	{r7, lr}
  68              	.LCFI0:
  69              		.cfi_def_cfa_offset 8
  70              		.cfi_offset 7, -8
  71              		.cfi_offset 14, -4
  72 0002 82B0     		sub	sp, sp, #8
  73              	.LCFI1:
  74              		.cfi_def_cfa_offset 16
  75 0004 00AF     		add	r7, sp, #0
  76              	.LCFI2:
  77              		.cfi_def_cfa_register 7
  16:Core/Src/main.c ****     HAL_Init();
  78              		.loc 1 16 5
  79 0006 FFF7FEFF 		bl	HAL_Init
  17:Core/Src/main.c ****     SystemClock_Config();
  80              		.loc 1 17 5
  81 000a FFF7FEFF 		bl	SystemClock_Config
  18:Core/Src/main.c ****     MX_GPIO_Init();
  82              		.loc 1 18 5
  83 000e FFF7FEFF 		bl	MX_GPIO_Init
  19:Core/Src/main.c ****    // Button_Init(&button, GIOA, GIPO_PIN_0, 200)
  20:Core/Src/main.c ****     uint32_t last_led_blink = HAL_GetTick();
  84              		.loc 1 20 31
  85 0012 FFF7FEFF 		bl	HAL_GetTick
  86 0016 7860     		str	r0, [r7, #4]
  87              	.L4:
  88              	.LBB2:
  21:Core/Src/main.c ****     
  22:Core/Src/main.c ****     while (1) {
  23:Core/Src/main.c ****        /* if (HAL_GPIO_ReadPin(GPIOA, GPIO_PIN_0) == GPIO_PIN_RESET) {
  24:Core/Src/main.c ****             uint32_t current_time = HAL_GetTick();
  25:Core/Src/main.c ****             if ((current_time - last_button_press) > debounce_delay) {
  26:Core/Src/main.c ****                 counter++;
  27:Core/Src/main.c ****                 update_leds(counter);
  28:Core/Src/main.c ****                 last_button_press = current_time;
  29:Core/Src/main.c ****             }
  30:Core/Src/main.c ****         }
  31:Core/Src/main.c ****         */
  32:Core/Src/main.c ****       if (button_release(GPIOA, GPIO_PIN_0, RESET))
  89              		.loc 1 32 11
  90 0018 0022     		movs	r2, #0
  91 001a 0121     		movs	r1, #1
  92 001c 1148     		ldr	r0, .L5
  93 001e FFF7FEFF 		bl	button_release
ARM GAS  C:\Users\stryk\AppData\Local\Temp\ccEcwZF4.s 			page 3


  94 0022 0346     		mov	r3, r0
  95              		.loc 1 32 10
  96 0024 002B     		cmp	r3, #0
  97 0026 0AD0     		beq	.L2
  33:Core/Src/main.c ****        {
  34:Core/Src/main.c ****         counter++;
  98              		.loc 1 34 16
  99 0028 0F4B     		ldr	r3, .L5+4
 100 002a 1B78     		ldrb	r3, [r3]	@ zero_extendqisi2
 101 002c 0133     		adds	r3, r3, #1
 102 002e DAB2     		uxtb	r2, r3
 103 0030 0D4B     		ldr	r3, .L5+4
 104 0032 1A70     		strb	r2, [r3]
  35:Core/Src/main.c ****         update_leds(counter);
 105              		.loc 1 35 9
 106 0034 0C4B     		ldr	r3, .L5+4
 107 0036 1B78     		ldrb	r3, [r3]	@ zero_extendqisi2
 108 0038 1846     		mov	r0, r3
 109 003a FFF7FEFF 		bl	update_leds
 110              	.L2:
  36:Core/Src/main.c ****        }
  37:Core/Src/main.c **** 
  38:Core/Src/main.c **** 
  39:Core/Src/main.c ****         uint32_t current_time = HAL_GetTick();
 111              		.loc 1 39 33
 112 003e FFF7FEFF 		bl	HAL_GetTick
 113 0042 3860     		str	r0, [r7]
  40:Core/Src/main.c ****         if ((current_time - last_led_blink) >= led_blink_delay) {
 114              		.loc 1 40 27
 115 0044 3A68     		ldr	r2, [r7]
 116 0046 7B68     		ldr	r3, [r7, #4]
 117 0048 D31A     		subs	r3, r2, r3
 118              		.loc 1 40 45
 119 004a 40F29512 		movw	r2, #405
 120              		.loc 1 40 12
 121 004e 9342     		cmp	r3, r2
 122 0050 E2D3     		bcc	.L4
  41:Core/Src/main.c ****             HAL_GPIO_TogglePin(GPIOC, GPIO_PIN_13);
 123              		.loc 1 41 13
 124 0052 4FF40051 		mov	r1, #8192
 125 0056 0548     		ldr	r0, .L5+8
 126 0058 FFF7FEFF 		bl	HAL_GPIO_TogglePin
  42:Core/Src/main.c ****             last_led_blink = current_time;
 127              		.loc 1 42 28
 128 005c 3B68     		ldr	r3, [r7]
 129 005e 7B60     		str	r3, [r7, #4]
 130              	.LBE2:
  22:Core/Src/main.c ****        /* if (HAL_GPIO_ReadPin(GPIOA, GPIO_PIN_0) == GPIO_PIN_RESET) {
 131              		.loc 1 22 15
 132 0060 DAE7     		b	.L4
 133              	.L6:
 134 0062 00BF     		.align	2
 135              	.L5:
 136 0064 00000240 		.word	1073872896
 137 0068 00000000 		.word	counter
 138 006c 00080240 		.word	1073874944
 139              		.cfi_endproc
ARM GAS  C:\Users\stryk\AppData\Local\Temp\ccEcwZF4.s 			page 4


 140              	.LFE130:
 142              		.section	.text.update_leds,"ax",%progbits
 143              		.align	1
 144              		.global	update_leds
 145              		.syntax unified
 146              		.thumb
 147              		.thumb_func
 149              	update_leds:
 150              	.LFB131:
  43:Core/Src/main.c ****         }
  44:Core/Src/main.c ****     }
  45:Core/Src/main.c **** }
  46:Core/Src/main.c **** 
  47:Core/Src/main.c **** void update_leds(uint8_t value) {
 151              		.loc 1 47 33
 152              		.cfi_startproc
 153              		@ args = 0, pretend = 0, frame = 8
 154              		@ frame_needed = 1, uses_anonymous_args = 0
 155 0000 80B5     		push	{r7, lr}
 156              	.LCFI3:
 157              		.cfi_def_cfa_offset 8
 158              		.cfi_offset 7, -8
 159              		.cfi_offset 14, -4
 160 0002 82B0     		sub	sp, sp, #8
 161              	.LCFI4:
 162              		.cfi_def_cfa_offset 16
 163 0004 00AF     		add	r7, sp, #0
 164              	.LCFI5:
 165              		.cfi_def_cfa_register 7
 166 0006 0346     		mov	r3, r0
 167 0008 FB71     		strb	r3, [r7, #7]
  48:Core/Src/main.c ****     HAL_GPIO_WritePin(GPIOB, GPIO_PIN_12, (value & 0x01) ? GPIO_PIN_SET : GPIO_PIN_RESET);
 168              		.loc 1 48 73
 169 000a FB79     		ldrb	r3, [r7, #7]
 170 000c 03F00103 		and	r3, r3, #1
 171 0010 DBB2     		uxtb	r3, r3
 172              		.loc 1 48 5
 173 0012 1A46     		mov	r2, r3
 174 0014 4FF48051 		mov	r1, #4096
 175 0018 1B48     		ldr	r0, .L8
 176 001a FFF7FEFF 		bl	HAL_GPIO_WritePin
  49:Core/Src/main.c ****     HAL_GPIO_WritePin(GPIOB, GPIO_PIN_13, (value & 0x02) ? GPIO_PIN_SET : GPIO_PIN_RESET);
 177              		.loc 1 49 73
 178 001e FB79     		ldrb	r3, [r7, #7]	@ zero_extendqisi2
 179 0020 5B10     		asrs	r3, r3, #1
 180 0022 DBB2     		uxtb	r3, r3
 181 0024 03F00103 		and	r3, r3, #1
 182 0028 DBB2     		uxtb	r3, r3
 183              		.loc 1 49 5
 184 002a 1A46     		mov	r2, r3
 185 002c 4FF40051 		mov	r1, #8192
 186 0030 1548     		ldr	r0, .L8
 187 0032 FFF7FEFF 		bl	HAL_GPIO_WritePin
  50:Core/Src/main.c ****     HAL_GPIO_WritePin(GPIOB, GPIO_PIN_14, (value & 0x04) ? GPIO_PIN_SET : GPIO_PIN_RESET);
 188              		.loc 1 50 73
 189 0036 FB79     		ldrb	r3, [r7, #7]	@ zero_extendqisi2
 190 0038 9B10     		asrs	r3, r3, #2
ARM GAS  C:\Users\stryk\AppData\Local\Temp\ccEcwZF4.s 			page 5


 191 003a DBB2     		uxtb	r3, r3
 192 003c 03F00103 		and	r3, r3, #1
 193 0040 DBB2     		uxtb	r3, r3
 194              		.loc 1 50 5
 195 0042 1A46     		mov	r2, r3
 196 0044 4FF48041 		mov	r1, #16384
 197 0048 0F48     		ldr	r0, .L8
 198 004a FFF7FEFF 		bl	HAL_GPIO_WritePin
  51:Core/Src/main.c ****     HAL_GPIO_WritePin(GPIOB, GPIO_PIN_15, (value & 0x08) ? GPIO_PIN_SET : GPIO_PIN_RESET);
 199              		.loc 1 51 73
 200 004e FB79     		ldrb	r3, [r7, #7]	@ zero_extendqisi2
 201 0050 DB10     		asrs	r3, r3, #3
 202 0052 DBB2     		uxtb	r3, r3
 203 0054 03F00103 		and	r3, r3, #1
 204 0058 DBB2     		uxtb	r3, r3
 205              		.loc 1 51 5
 206 005a 1A46     		mov	r2, r3
 207 005c 4FF40041 		mov	r1, #32768
 208 0060 0948     		ldr	r0, .L8
 209 0062 FFF7FEFF 		bl	HAL_GPIO_WritePin
  52:Core/Src/main.c ****     HAL_GPIO_WritePin(GPIOA, GPIO_PIN_8, (value & 0x10) ? GPIO_PIN_SET : GPIO_PIN_RESET);
 210              		.loc 1 52 72
 211 0066 FB79     		ldrb	r3, [r7, #7]	@ zero_extendqisi2
 212 0068 1B11     		asrs	r3, r3, #4
 213 006a DBB2     		uxtb	r3, r3
 214 006c 03F00103 		and	r3, r3, #1
 215 0070 DBB2     		uxtb	r3, r3
 216              		.loc 1 52 5
 217 0072 1A46     		mov	r2, r3
 218 0074 4FF48071 		mov	r1, #256
 219 0078 0448     		ldr	r0, .L8+4
 220 007a FFF7FEFF 		bl	HAL_GPIO_WritePin
  53:Core/Src/main.c **** }
 221              		.loc 1 53 1
 222 007e 00BF     		nop
 223 0080 0837     		adds	r7, r7, #8
 224              	.LCFI6:
 225              		.cfi_def_cfa_offset 8
 226 0082 BD46     		mov	sp, r7
 227              	.LCFI7:
 228              		.cfi_def_cfa_register 13
 229              		@ sp needed
 230 0084 80BD     		pop	{r7, pc}
 231              	.L9:
 232 0086 00BF     		.align	2
 233              	.L8:
 234 0088 00040240 		.word	1073873920
 235 008c 00000240 		.word	1073872896
 236              		.cfi_endproc
 237              	.LFE131:
 239              		.section	.text.MX_GPIO_Init,"ax",%progbits
 240              		.align	1
 241              		.syntax unified
 242              		.thumb
 243              		.thumb_func
 245              	MX_GPIO_Init:
 246              	.LFB132:
ARM GAS  C:\Users\stryk\AppData\Local\Temp\ccEcwZF4.s 			page 6


  54:Core/Src/main.c **** 
  55:Core/Src/main.c **** static void MX_GPIO_Init(void) {
 247              		.loc 1 55 32
 248              		.cfi_startproc
 249              		@ args = 0, pretend = 0, frame = 32
 250              		@ frame_needed = 1, uses_anonymous_args = 0
 251 0000 80B5     		push	{r7, lr}
 252              	.LCFI8:
 253              		.cfi_def_cfa_offset 8
 254              		.cfi_offset 7, -8
 255              		.cfi_offset 14, -4
 256 0002 88B0     		sub	sp, sp, #32
 257              	.LCFI9:
 258              		.cfi_def_cfa_offset 40
 259 0004 00AF     		add	r7, sp, #0
 260              	.LCFI10:
 261              		.cfi_def_cfa_register 7
 262              	.LBB3:
  56:Core/Src/main.c **** 
  57:Core/Src/main.c ****     __HAL_RCC_GPIOB_CLK_ENABLE();
 263              		.loc 1 57 5
 264 0006 0023     		movs	r3, #0
 265 0008 BB60     		str	r3, [r7, #8]
 266 000a 364B     		ldr	r3, .L11
 267 000c 1B6B     		ldr	r3, [r3, #48]
 268 000e 354A     		ldr	r2, .L11
 269 0010 43F00203 		orr	r3, r3, #2
 270 0014 1363     		str	r3, [r2, #48]
 271 0016 334B     		ldr	r3, .L11
 272 0018 1B6B     		ldr	r3, [r3, #48]
 273 001a 03F00203 		and	r3, r3, #2
 274 001e BB60     		str	r3, [r7, #8]
 275 0020 BB68     		ldr	r3, [r7, #8]
 276              	.LBE3:
  58:Core/Src/main.c ****     GPIO_InitTypeDef GPIO_InitStruct = {0};
 277              		.loc 1 58 22
 278 0022 07F10C03 		add	r3, r7, #12
 279 0026 0022     		movs	r2, #0
 280 0028 1A60     		str	r2, [r3]
 281 002a 5A60     		str	r2, [r3, #4]
 282 002c 9A60     		str	r2, [r3, #8]
 283 002e DA60     		str	r2, [r3, #12]
 284 0030 1A61     		str	r2, [r3, #16]
  59:Core/Src/main.c ****     
  60:Core/Src/main.c ****     GPIO_InitStruct.Pin = GPIO_PIN_12 | GPIO_PIN_13 | GPIO_PIN_14 | GPIO_PIN_15;
 285              		.loc 1 60 25
 286 0032 4FF47043 		mov	r3, #61440
 287 0036 FB60     		str	r3, [r7, #12]
  61:Core/Src/main.c ****     GPIO_InitStruct.Mode = GPIO_MODE_OUTPUT_PP;
 288              		.loc 1 61 26
 289 0038 0123     		movs	r3, #1
 290 003a 3B61     		str	r3, [r7, #16]
  62:Core/Src/main.c ****     GPIO_InitStruct.Pull = GPIO_NOPULL;
 291              		.loc 1 62 26
 292 003c 0023     		movs	r3, #0
 293 003e 7B61     		str	r3, [r7, #20]
  63:Core/Src/main.c ****     GPIO_InitStruct.Speed = GPIO_SPEED_FREQ_LOW;
ARM GAS  C:\Users\stryk\AppData\Local\Temp\ccEcwZF4.s 			page 7


 294              		.loc 1 63 27
 295 0040 0023     		movs	r3, #0
 296 0042 BB61     		str	r3, [r7, #24]
  64:Core/Src/main.c ****     HAL_GPIO_Init(GPIOB, &GPIO_InitStruct);
 297              		.loc 1 64 5
 298 0044 07F10C03 		add	r3, r7, #12
 299 0048 1946     		mov	r1, r3
 300 004a 2748     		ldr	r0, .L11+4
 301 004c FFF7FEFF 		bl	HAL_GPIO_Init
 302              	.LBB4:
  65:Core/Src/main.c **** 
  66:Core/Src/main.c ****     __HAL_RCC_GPIOA_CLK_ENABLE();
 303              		.loc 1 66 5
 304 0050 0023     		movs	r3, #0
 305 0052 7B60     		str	r3, [r7, #4]
 306 0054 234B     		ldr	r3, .L11
 307 0056 1B6B     		ldr	r3, [r3, #48]
 308 0058 224A     		ldr	r2, .L11
 309 005a 43F00103 		orr	r3, r3, #1
 310 005e 1363     		str	r3, [r2, #48]
 311 0060 204B     		ldr	r3, .L11
 312 0062 1B6B     		ldr	r3, [r3, #48]
 313 0064 03F00103 		and	r3, r3, #1
 314 0068 7B60     		str	r3, [r7, #4]
 315 006a 7B68     		ldr	r3, [r7, #4]
 316              	.LBE4:
  67:Core/Src/main.c ****     GPIO_InitStruct.Pin = GPIO_PIN_0; // PIN BOTAO
 317              		.loc 1 67 25
 318 006c 0123     		movs	r3, #1
 319 006e FB60     		str	r3, [r7, #12]
  68:Core/Src/main.c ****     GPIO_InitStruct.Mode = GPIO_MODE_INPUT;
 320              		.loc 1 68 26
 321 0070 0023     		movs	r3, #0
 322 0072 3B61     		str	r3, [r7, #16]
  69:Core/Src/main.c ****     GPIO_InitStruct.Pull = GPIO_PULLDOWN;
 323              		.loc 1 69 26
 324 0074 0223     		movs	r3, #2
 325 0076 7B61     		str	r3, [r7, #20]
  70:Core/Src/main.c ****     HAL_GPIO_Init(GPIOA, &GPIO_InitStruct);
 326              		.loc 1 70 5
 327 0078 07F10C03 		add	r3, r7, #12
 328 007c 1946     		mov	r1, r3
 329 007e 1B48     		ldr	r0, .L11+8
 330 0080 FFF7FEFF 		bl	HAL_GPIO_Init
  71:Core/Src/main.c **** 
  72:Core/Src/main.c ****     GPIO_InitStruct.Pin = GPIO_PIN_8;
 331              		.loc 1 72 25
 332 0084 4FF48073 		mov	r3, #256
 333 0088 FB60     		str	r3, [r7, #12]
  73:Core/Src/main.c ****     GPIO_InitStruct.Mode = GPIO_MODE_OUTPUT_PP;
 334              		.loc 1 73 26
 335 008a 0123     		movs	r3, #1
 336 008c 3B61     		str	r3, [r7, #16]
  74:Core/Src/main.c ****     GPIO_InitStruct.Pull = GPIO_NOPULL;
 337              		.loc 1 74 26
 338 008e 0023     		movs	r3, #0
 339 0090 7B61     		str	r3, [r7, #20]
ARM GAS  C:\Users\stryk\AppData\Local\Temp\ccEcwZF4.s 			page 8


  75:Core/Src/main.c ****     GPIO_InitStruct.Speed = GPIO_SPEED_FREQ_LOW;
 340              		.loc 1 75 27
 341 0092 0023     		movs	r3, #0
 342 0094 BB61     		str	r3, [r7, #24]
  76:Core/Src/main.c ****     HAL_GPIO_Init(GPIOA, &GPIO_InitStruct);
 343              		.loc 1 76 5
 344 0096 07F10C03 		add	r3, r7, #12
 345 009a 1946     		mov	r1, r3
 346 009c 1348     		ldr	r0, .L11+8
 347 009e FFF7FEFF 		bl	HAL_GPIO_Init
 348              	.LBB5:
  77:Core/Src/main.c **** 
  78:Core/Src/main.c ****     // GPIO Initialization for on-board LED (GPIOC_PIN13)
  79:Core/Src/main.c ****     __HAL_RCC_GPIOC_CLK_ENABLE();
 349              		.loc 1 79 5
 350 00a2 0023     		movs	r3, #0
 351 00a4 3B60     		str	r3, [r7]
 352 00a6 0F4B     		ldr	r3, .L11
 353 00a8 1B6B     		ldr	r3, [r3, #48]
 354 00aa 0E4A     		ldr	r2, .L11
 355 00ac 43F00403 		orr	r3, r3, #4
 356 00b0 1363     		str	r3, [r2, #48]
 357 00b2 0C4B     		ldr	r3, .L11
 358 00b4 1B6B     		ldr	r3, [r3, #48]
 359 00b6 03F00403 		and	r3, r3, #4
 360 00ba 3B60     		str	r3, [r7]
 361 00bc 3B68     		ldr	r3, [r7]
 362              	.LBE5:
  80:Core/Src/main.c ****     GPIO_InitStruct.Pin = GPIO_PIN_13;
 363              		.loc 1 80 25
 364 00be 4FF40053 		mov	r3, #8192
 365 00c2 FB60     		str	r3, [r7, #12]
  81:Core/Src/main.c ****     GPIO_InitStruct.Mode = GPIO_MODE_OUTPUT_PP;
 366              		.loc 1 81 26
 367 00c4 0123     		movs	r3, #1
 368 00c6 3B61     		str	r3, [r7, #16]
  82:Core/Src/main.c ****     GPIO_InitStruct.Pull = GPIO_NOPULL;
 369              		.loc 1 82 26
 370 00c8 0023     		movs	r3, #0
 371 00ca 7B61     		str	r3, [r7, #20]
  83:Core/Src/main.c ****     GPIO_InitStruct.Speed = GPIO_SPEED_FREQ_LOW;
 372              		.loc 1 83 27
 373 00cc 0023     		movs	r3, #0
 374 00ce BB61     		str	r3, [r7, #24]
  84:Core/Src/main.c ****     HAL_GPIO_Init(GPIOC, &GPIO_InitStruct);
 375              		.loc 1 84 5
 376 00d0 07F10C03 		add	r3, r7, #12
 377 00d4 1946     		mov	r1, r3
 378 00d6 0648     		ldr	r0, .L11+12
 379 00d8 FFF7FEFF 		bl	HAL_GPIO_Init
  85:Core/Src/main.c **** }
 380              		.loc 1 85 1
 381 00dc 00BF     		nop
 382 00de 2037     		adds	r7, r7, #32
 383              	.LCFI11:
 384              		.cfi_def_cfa_offset 8
 385 00e0 BD46     		mov	sp, r7
ARM GAS  C:\Users\stryk\AppData\Local\Temp\ccEcwZF4.s 			page 9


 386              	.LCFI12:
 387              		.cfi_def_cfa_register 13
 388              		@ sp needed
 389 00e2 80BD     		pop	{r7, pc}
 390              	.L12:
 391              		.align	2
 392              	.L11:
 393 00e4 00380240 		.word	1073887232
 394 00e8 00040240 		.word	1073873920
 395 00ec 00000240 		.word	1073872896
 396 00f0 00080240 		.word	1073874944
 397              		.cfi_endproc
 398              	.LFE132:
 400              		.section	.text.SystemClock_Config,"ax",%progbits
 401              		.align	1
 402              		.global	SystemClock_Config
 403              		.syntax unified
 404              		.thumb
 405              		.thumb_func
 407              	SystemClock_Config:
 408              	.LFB133:
  86:Core/Src/main.c **** 
  87:Core/Src/main.c **** // System Clock Configuration (auto-generated by STM32CubeMX)
  88:Core/Src/main.c **** void SystemClock_Config(void) {
 409              		.loc 1 88 31
 410              		.cfi_startproc
 411              		@ args = 0, pretend = 0, frame = 0
 412              		@ frame_needed = 1, uses_anonymous_args = 0
 413              		@ link register save eliminated.
 414 0000 80B4     		push	{r7}
 415              	.LCFI13:
 416              		.cfi_def_cfa_offset 4
 417              		.cfi_offset 7, -4
 418 0002 00AF     		add	r7, sp, #0
 419              	.LCFI14:
 420              		.cfi_def_cfa_register 7
  89:Core/Src/main.c ****     // System Clock Configuration code
  90:Core/Src/main.c **** }
 421              		.loc 1 90 1
 422 0004 00BF     		nop
 423 0006 BD46     		mov	sp, r7
 424              	.LCFI15:
 425              		.cfi_def_cfa_register 13
 426              		@ sp needed
 427 0008 5DF8047B 		ldr	r7, [sp], #4
 428              	.LCFI16:
 429              		.cfi_restore 7
 430              		.cfi_def_cfa_offset 0
 431 000c 7047     		bx	lr
 432              		.cfi_endproc
 433              	.LFE133:
 435              		.text
 436              	.Letext0:
 437              		.file 2 "c:\\dev\\micro\\tools\\arm-gnu-toolchain-11.3.rel1-mingw-w64-i686-arm-none-eabi\\arm-none
 438              		.file 3 "c:\\dev\\micro\\tools\\arm-gnu-toolchain-11.3.rel1-mingw-w64-i686-arm-none-eabi\\arm-none
 439              		.file 4 "Drivers/CMSIS/Device/ST/STM32F4xx/Include/stm32f411xe.h"
 440              		.file 5 "Drivers/CMSIS/Device/ST/STM32F4xx/Include/stm32f4xx.h"
ARM GAS  C:\Users\stryk\AppData\Local\Temp\ccEcwZF4.s 			page 10


 441              		.file 6 "Drivers/STM32F4xx_HAL_Driver/Inc/stm32f4xx_hal_def.h"
 442              		.file 7 "Drivers/STM32F4xx_HAL_Driver/Inc/stm32f4xx_hal_gpio.h"
 443              		.file 8 "Drivers/STM32F4xx_HAL_Driver/Inc/stm32f4xx_hal.h"
 444              		.file 9 "Core/Inc/button.h"
ARM GAS  C:\Users\stryk\AppData\Local\Temp\ccEcwZF4.s 			page 11


DEFINED SYMBOLS
                            *ABS*:00000000 main.c
C:\Users\stryk\AppData\Local\Temp\ccEcwZF4.s:23     .bss.counter:00000000 counter
C:\Users\stryk\AppData\Local\Temp\ccEcwZF4.s:24     .bss.counter:00000000 $d
C:\Users\stryk\AppData\Local\Temp\ccEcwZF4.s:30     .bss.last_button_press:00000000 last_button_press
C:\Users\stryk\AppData\Local\Temp\ccEcwZF4.s:27     .bss.last_button_press:00000000 $d
C:\Users\stryk\AppData\Local\Temp\ccEcwZF4.s:37     .rodata.debounce_delay:00000000 debounce_delay
C:\Users\stryk\AppData\Local\Temp\ccEcwZF4.s:34     .rodata.debounce_delay:00000000 $d
C:\Users\stryk\AppData\Local\Temp\ccEcwZF4.s:44     .rodata.led_blink_delay:00000000 led_blink_delay
C:\Users\stryk\AppData\Local\Temp\ccEcwZF4.s:41     .rodata.led_blink_delay:00000000 $d
C:\Users\stryk\AppData\Local\Temp\ccEcwZF4.s:51     .bss.last_led_blink:00000000 last_led_blink
C:\Users\stryk\AppData\Local\Temp\ccEcwZF4.s:48     .bss.last_led_blink:00000000 $d
C:\Users\stryk\AppData\Local\Temp\ccEcwZF4.s:54     .text.main:00000000 $t
C:\Users\stryk\AppData\Local\Temp\ccEcwZF4.s:60     .text.main:00000000 main
C:\Users\stryk\AppData\Local\Temp\ccEcwZF4.s:407    .text.SystemClock_Config:00000000 SystemClock_Config
C:\Users\stryk\AppData\Local\Temp\ccEcwZF4.s:245    .text.MX_GPIO_Init:00000000 MX_GPIO_Init
C:\Users\stryk\AppData\Local\Temp\ccEcwZF4.s:149    .text.update_leds:00000000 update_leds
C:\Users\stryk\AppData\Local\Temp\ccEcwZF4.s:136    .text.main:00000064 $d
C:\Users\stryk\AppData\Local\Temp\ccEcwZF4.s:143    .text.update_leds:00000000 $t
C:\Users\stryk\AppData\Local\Temp\ccEcwZF4.s:234    .text.update_leds:00000088 $d
C:\Users\stryk\AppData\Local\Temp\ccEcwZF4.s:240    .text.MX_GPIO_Init:00000000 $t
C:\Users\stryk\AppData\Local\Temp\ccEcwZF4.s:393    .text.MX_GPIO_Init:000000e4 $d
C:\Users\stryk\AppData\Local\Temp\ccEcwZF4.s:401    .text.SystemClock_Config:00000000 $t

UNDEFINED SYMBOLS
HAL_Init
HAL_GetTick
button_release
HAL_GPIO_TogglePin
HAL_GPIO_WritePin
HAL_GPIO_Init
